<?xml version="1.0" encoding="UTF-8"?>
<!-- Generated by org.testng.reporters.JUnitXMLReporter -->
<testsuite ignored="0" hostname="DESKTOP-98489P3" failures="0" tests="4" name="Default test" time="88.754" errors="0" timestamp="2024-05-08T14:37:47 IST">
  <testcase classname="com.globalsqa.qa.test.SamplePageTestPage_Test" name="verifyPresenceOfSamplePageTestLabel" time="0.789"/>
  <testcase classname="com.globalsqa.qa.test.SamplePageTestPage_Test" name="verifyExpertiseOptionsTest" time="3.38"/>
  <testcase classname="com.globalsqa.qa.test.SamplePageTestPage_Test" name="verifyEducationOptionsTest" time="4.932"/>
  <testcase classname="com.globalsqa.qa.test.SamplePageTestPage_Test" name="fillTheFormAndSubmit" time="48.528"/>
</testsuite> <!-- Default test -->
