<?xml version="1.0" encoding="UTF-8"?>
<testng-results ignored="0" total="4" passed="4" failed="0" skipped="0">
  <reporter-output>
  </reporter-output>
  <suite started-at="2024-05-08T14:36:18 IST" name="Default suite" finished-at="2024-05-08T14:37:47 IST" duration-ms="88754">
    <groups>
    </groups>
    <test started-at="2024-05-08T14:36:18 IST" name="Default test" finished-at="2024-05-08T14:37:47 IST" duration-ms="88754">
      <class name="com.globalsqa.qa.test.SamplePageTestPage_Test">
        <test-method is-config="true" signature="setup()[pri:0, instance:com.globalsqa.qa.test.SamplePageTestPage_Test@2f9f7dcf]" started-at="2024-05-08T14:36:18 IST" name="setup" finished-at="2024-05-08T14:36:28 IST" duration-ms="9907" status="PASS">
          <reporter-output>
          </reporter-output>
        </test-method> <!-- setup -->
        <test-method signature="verifyPresenceOfSamplePageTestLabel()[pri:1, instance:com.globalsqa.qa.test.SamplePageTestPage_Test@2f9f7dcf]" started-at="2024-05-08T14:36:28 IST" name="verifyPresenceOfSamplePageTestLabel" finished-at="2024-05-08T14:36:29 IST" duration-ms="789" status="PASS">
          <reporter-output>
          </reporter-output>
        </test-method> <!-- verifyPresenceOfSamplePageTestLabel -->
        <test-method is-config="true" signature="tearDown()[pri:0, instance:com.globalsqa.qa.test.SamplePageTestPage_Test@2f9f7dcf]" started-at="2024-05-08T14:36:29 IST" name="tearDown" finished-at="2024-05-08T14:36:29 IST" duration-ms="508" status="PASS">
          <reporter-output>
          </reporter-output>
        </test-method> <!-- tearDown -->
        <test-method is-config="true" signature="setup()[pri:0, instance:com.globalsqa.qa.test.SamplePageTestPage_Test@2f9f7dcf]" started-at="2024-05-08T14:36:29 IST" name="setup" finished-at="2024-05-08T14:36:38 IST" duration-ms="8410" status="PASS">
          <reporter-output>
          </reporter-output>
        </test-method> <!-- setup -->
        <test-method signature="verifyExpertiseOptionsTest()[pri:2, instance:com.globalsqa.qa.test.SamplePageTestPage_Test@2f9f7dcf]" started-at="2024-05-08T14:36:38 IST" name="verifyExpertiseOptionsTest" finished-at="2024-05-08T14:36:41 IST" duration-ms="3380" status="PASS">
          <reporter-output>
          </reporter-output>
        </test-method> <!-- verifyExpertiseOptionsTest -->
        <test-method is-config="true" signature="tearDown()[pri:0, instance:com.globalsqa.qa.test.SamplePageTestPage_Test@2f9f7dcf]" started-at="2024-05-08T14:36:41 IST" name="tearDown" finished-at="2024-05-08T14:36:41 IST" duration-ms="382" status="PASS">
          <reporter-output>
          </reporter-output>
        </test-method> <!-- tearDown -->
        <test-method is-config="true" signature="setup()[pri:0, instance:com.globalsqa.qa.test.SamplePageTestPage_Test@2f9f7dcf]" started-at="2024-05-08T14:36:41 IST" name="setup" finished-at="2024-05-08T14:36:50 IST" duration-ms="8708" status="PASS">
          <reporter-output>
          </reporter-output>
        </test-method> <!-- setup -->
        <test-method signature="verifyEducationOptionsTest()[pri:3, instance:com.globalsqa.qa.test.SamplePageTestPage_Test@2f9f7dcf]" started-at="2024-05-08T14:36:50 IST" name="verifyEducationOptionsTest" finished-at="2024-05-08T14:36:55 IST" duration-ms="4932" status="PASS">
          <reporter-output>
          </reporter-output>
        </test-method> <!-- verifyEducationOptionsTest -->
        <test-method is-config="true" signature="tearDown()[pri:0, instance:com.globalsqa.qa.test.SamplePageTestPage_Test@2f9f7dcf]" started-at="2024-05-08T14:36:55 IST" name="tearDown" finished-at="2024-05-08T14:36:55 IST" duration-ms="285" status="PASS">
          <reporter-output>
          </reporter-output>
        </test-method> <!-- tearDown -->
        <test-method is-config="true" signature="setup()[pri:0, instance:com.globalsqa.qa.test.SamplePageTestPage_Test@2f9f7dcf]" started-at="2024-05-08T14:36:55 IST" name="setup" finished-at="2024-05-08T14:36:58 IST" duration-ms="2491" status="PASS">
          <reporter-output>
          </reporter-output>
        </test-method> <!-- setup -->
        <test-method signature="fillTheFormAndSubmit()[pri:4, instance:com.globalsqa.qa.test.SamplePageTestPage_Test@2f9f7dcf]" started-at="2024-05-08T14:36:58 IST" name="fillTheFormAndSubmit" finished-at="2024-05-08T14:37:46 IST" duration-ms="48528" status="PASS">
          <reporter-output>
          </reporter-output>
        </test-method> <!-- fillTheFormAndSubmit -->
        <test-method is-config="true" signature="tearDown()[pri:0, instance:com.globalsqa.qa.test.SamplePageTestPage_Test@2f9f7dcf]" started-at="2024-05-08T14:37:46 IST" name="tearDown" finished-at="2024-05-08T14:37:47 IST" duration-ms="362" status="PASS">
          <reporter-output>
          </reporter-output>
        </test-method> <!-- tearDown -->
      </class> <!-- com.globalsqa.qa.test.SamplePageTestPage_Test -->
    </test> <!-- Default test -->
  </suite> <!-- Default suite -->
</testng-results>
